<?xml version="1.0" encoding="UTF-8"?>
<!-- Generated by org.testng.reporters.JUnitReportReporter -->
<testsuite skipped="0" hostname="mominul-10662" name="testcases.FirstTest" tests="1" failures="0" timestamp="2021-07-30T07:31:31 BDT" time="38.742" errors="0">
  <testcase name="testOneDemo" time="38.742" classname="testcases.FirstTest"/>
  <system-out/>
</testsuite> <!-- testcases.FirstTest -->
